<?xml version="1.0" encoding="UTF-8"?>
<!-- Generated by org.testng.reporters.JUnitReportReporter -->
<testsuite hostname="Ahmed" failures="0" tests="1" name="Application.automation.ColorTest" time="8.015" errors="0" timestamp="23 Jun 2022 04:19:53 GMT" skipped="0">
  <testcase classname="Application.automation.ColorTest" name="colorSelection" time="8.015"/>
</testsuite> <!-- Application.automation.ColorTest -->
